\BOOKMARK [0][-]{chapter.1}{\376\377\000I\000n\000t\000r\000o\000d\000u\000z\000i\000o\000n\000e}{}% 1
\BOOKMARK [0][-]{chapter.2}{\376\377\000A\000n\000a\000l\000i\000s\000i\000\040\000d\000e\000i\000\040\000R\000e\000q\000u\000i\000s\000i\000t\000i}{}% 2
\BOOKMARK [1][-]{section.2.1}{\376\377\000R\000e\000q\000u\000i\000s\000i\000t\000i\000\040\000i\000n\000\040\000l\000i\000n\000g\000u\000a\000g\000g\000i\000o\000\040\000n\000a\000t\000u\000r\000a\000l\000e}{chapter.2}% 3
\BOOKMARK [1][-]{section.2.2}{\376\377\000E\000s\000t\000r\000a\000z\000i\000o\000n\000e\000\040\000d\000e\000i\000\040\000c\000o\000n\000c\000e\000t\000t\000i\000\040\000f\000o\000n\000d\000a\000m\000e\000n\000t\000a\000l\000i}{chapter.2}% 4
\BOOKMARK [0][-]{chapter.3}{\376\377\000P\000r\000o\000g\000e\000t\000t\000a\000z\000i\000o\000n\000e\000\040\000C\000o\000n\000c\000e\000t\000t\000u\000a\000l\000e}{}% 5
\BOOKMARK [1][-]{section.3.1}{\376\377\000A\000n\000t\000e\000p\000r\000i\000m\000a\000\040\000s\000v\000i\000l\000u\000p\000p\000o\000\040\000d\000e\000l\000l\000e\000\040\000"\000P\000e\000r\000s\000o\000n\000e\000"}{chapter.3}% 6
\BOOKMARK [1][-]{section.3.2}{\376\377\000A\000n\000t\000e\000p\000r\000i\000m\000a\000\040\000s\000v\000i\000l\000u\000p\000p\000o\000\040\000d\000e\000i\000\040\000"\000V\000i\000d\000e\000o\000g\000i\000o\000c\000h\000i\000"}{chapter.3}% 7
\BOOKMARK [1][-]{section.3.3}{\376\377\000A\000n\000t\000e\000p\000r\000i\000m\000a\000\040\000s\000v\000i\000l\000u\000p\000p\000o\000\040\000d\000e\000l\000l\000e\000\040\000"\000P\000a\000r\000t\000i\000t\000e\000"}{chapter.3}% 8
\BOOKMARK [1][-]{section.3.4}{\376\377\000A\000n\000t\000e\000p\000r\000i\000m\000a\000\040\000s\000v\000i\000l\000u\000p\000p\000o\000\040\000d\000e\000i\000\040\000"\000T\000o\000r\000n\000e\000i\000"}{chapter.3}% 9
\BOOKMARK [1][-]{section.3.5}{\376\377\000S\000c\000h\000e\000m\000a\000\040\000G\000e\000n\000e\000r\000a\000l\000e}{chapter.3}% 10
\BOOKMARK [0][-]{chapter.4}{\376\377\000P\000r\000o\000g\000e\000t\000t\000a\000z\000i\000o\000n\000e\000\040\000L\000o\000g\000i\000c\000a}{}% 11
\BOOKMARK [1][-]{section.4.1}{\376\377\000S\000t\000i\000m\000a\000\040\000d\000e\000l\000\040\000v\000o\000l\000u\000m\000e\000\040\000d\000e\000i\000\040\000d\000a\000t\000i}{chapter.4}% 12
\BOOKMARK [1][-]{section.4.2}{\376\377\000D\000e\000s\000c\000r\000i\000z\000i\000o\000n\000e\000\040\000d\000e\000l\000l\000e\000\040\000o\000p\000e\000r\000a\000z\000i\000o\000n\000i\000\040\000p\000r\000i\000n\000c\000i\000p\000a\000l\000i\000\040\000e\000\040\000s\000t\000i\000m\000a\000\040\000d\000e\000l\000l\000a\000\040\000l\000o\000r\000o\000\040\000f\000r\000e\000q\000u\000e\000n\000z\000a}{chapter.4}% 13
\BOOKMARK [1][-]{section.4.3}{\376\377\000S\000c\000h\000e\000m\000i\000\040\000d\000i\000\040\000n\000a\000v\000i\000g\000a\000z\000i\000o\000n\000e\000\040\000e\000\040\000t\000a\000b\000e\000l\000l\000e\000\040\000d\000e\000g\000l\000i\000\040\000a\000c\000c\000e\000s\000s\000i}{chapter.4}% 14
\BOOKMARK [1][-]{section.4.4}{\376\377\000R\000a\000f\000f\000i\000n\000a\000m\000e\000n\000t\000o\000\040\000d\000e\000l\000l\000o\000\040\000s\000c\000h\000e\000m\000a}{chapter.4}% 15
\BOOKMARK [1][-]{section.4.5}{\376\377\000A\000n\000a\000l\000i\000s\000i\000\040\000d\000e\000l\000l\000e\000\040\000r\000i\000d\000o\000n\000d\000a\000n\000z\000e}{chapter.4}% 16
\BOOKMARK [1][-]{section.4.6}{\376\377\000T\000r\000a\000d\000u\000z\000i\000o\000n\000e\000\040\000d\000i\000\040\000e\000n\000t\000i\000t\000\340\000\040\000e\000\040\000a\000s\000s\000o\000c\000i\000a\000z\000i\000o\000n\000i\000\040\000i\000n\000\040\000r\000e\000l\000a\000z\000i\000o\000n\000i}{chapter.4}% 17
\BOOKMARK [1][-]{section.4.7}{\376\377\000S\000c\000h\000e\000m\000a\000\040\000r\000e\000l\000a\000z\000i\000o\000n\000a\000l\000e\000\040\000f\000i\000n\000a\000l\000e}{chapter.4}% 18
\BOOKMARK [0][-]{chapter.5}{\376\377\000P\000r\000o\000g\000e\000t\000t\000a\000z\000i\000o\000n\000e\000\040\000F\000i\000s\000i\000c\000a}{}% 19
\BOOKMARK [1][-]{section.5.1}{\376\377\000T\000r\000a\000d\000u\000z\000i\000o\000n\000e\000\040\000i\000n\000\040\000S\000Q\000L}{chapter.5}% 20
\BOOKMARK [0][-]{chapter.6}{\376\377\000P\000r\000o\000g\000e\000t\000t\000a\000z\000i\000o\000n\000e\000\040\000d\000e\000l\000l\000'\000A\000p\000p\000l\000i\000c\000a\000z\000i\000o\000n\000e}{}% 21
\BOOKMARK [1][-]{section.6.1}{\376\377\000D\000e\000s\000c\000r\000i\000z\000i\000o\000n\000e\000\040\000d\000e\000l\000l\000a\000\040\000s\000c\000e\000l\000t\000a\000\040\000d\000e\000l\000\040\000l\000i\000n\000g\000u\000a\000g\000g\000i\000o\000\040\000e\000\040\000d\000e\000l\000\040\000D\000B\000M\000S}{chapter.6}% 22
\BOOKMARK [1][-]{section.6.2}{\376\377\000D\000e\000s\000c\000r\000i\000z\000i\000o\000n\000e\000\040\000d\000e\000l\000l\000'\000a\000r\000c\000h\000i\000t\000e\000t\000t\000u\000r\000a}{chapter.6}% 23
\BOOKMARK [1][-]{section.6.3}{\376\377\000I\000n\000t\000e\000r\000f\000a\000c\000c\000i\000a\000\040\000U\000t\000e\000n\000t\000e}{chapter.6}% 24
\BOOKMARK [2][-]{subsection.6.3.1}{\376\377\000A\000u\000t\000e\000n\000t\000i\000c\000a\000z\000i\000o\000n\000e}{section.6.3}% 25
\BOOKMARK [2][-]{subsection.6.3.2}{\376\377\000A\000m\000m\000i\000n\000i\000s\000t\000r\000a\000t\000o\000r\000e\000\040\000T\000o\000r\000n\000e\000o}{section.6.3}% 26
\BOOKMARK [2][-]{subsection.6.3.3}{\376\377\000P\000l\000a\000y\000e\000r}{section.6.3}% 27
\BOOKMARK [2][-]{subsection.6.3.4}{\376\377\000S\000p\000e\000t\000t\000a\000t\000o\000r\000e}{section.6.3}% 28
